<?xml version="1.0" encoding="UTF-8"?>
<!-- Generated by org.testng.reporters.JUnitXMLReporter -->
<testsuite ignored="0" hostname="rss-pc" failures="0" tests="4" name="Surefire test" time="9.631" errors="0" timestamp="2023-10-17T23:59:30 IST">
  <testcase classname="api.test.UserTest" name="testPostUser" time="3.714"/>
  <testcase classname="api.test.UserTest" name="testGettUser" time="1.768"/>
  <testcase classname="api.test.UserTest" name="testUpdatetUser" time="1.57"/>
  <testcase classname="api.test.UserTest" name="testDeletetUser" time="1.842"/>
</testsuite> <!-- Surefire test -->
