<?xml version="1.0" encoding="UTF-8"?>
<!-- Generated by org.testng.reporters.JUnitXMLReporter -->
<testsuite ignored="0" hostname="rss-pc" failures="0" tests="6" name="Default test" time="12.837" errors="0" timestamp="2023-10-17T19:00:33 IST">
  <testcase classname="api.test.DDtest" name="testPostuser" time="3.452"/>
  <testcase classname="api.test.DDtest" name="testPostuser" time="1.569"/>
  <testcase classname="api.test.DDtest" name="testPostuser" time="1.6"/>
  <testcase classname="api.test.DDtest" name="testDeleteuser" time="1.702"/>
  <testcase classname="api.test.DDtest" name="testDeleteuser" time="1.598"/>
  <testcase classname="api.test.DDtest" name="testDeleteuser" time="1.599"/>
</testsuite> <!-- Default test -->
