<?xml version="1.0" encoding="UTF-8"?>
<!-- Generated by org.testng.reporters.JUnitXMLReporter -->
<testsuite ignored="0" hostname="rss-pc" failures="0" tests="4" name="Default test" time="12.034" errors="0" timestamp="2023-10-18T09:23:39 IST">
  <testcase classname="api.test.UserTest" name="testPostUser" time="5.295"/>
  <testcase classname="api.test.UserTest" name="testGettUser" time="1.77"/>
  <testcase classname="api.test.UserTest" name="testUpdatetUser" time="1.632"/>
  <testcase classname="api.test.UserTest" name="testDeletetUser" time="1.532"/>
</testsuite> <!-- Default test -->
