<?xml version="1.0" encoding="UTF-8"?>
<!-- Generated by org.testng.reporters.JUnitXMLReporter -->
<testsuite ignored="0" hostname="rss-pc" failures="0" tests="4" name="Test" time="12.086" errors="0" timestamp="2023-10-18T00:10:26 IST">
  <testcase classname="api.test.UserTest" name="testPostUser" time="3.151"/>
  <testcase classname="api.test.UserTest" name="testGettUser" time="1.755"/>
  <testcase classname="api.test.UserTest" name="testUpdatetUser" time="2.904"/>
  <testcase classname="api.test.UserTest" name="testDeletetUser" time="3.367"/>
</testsuite> <!-- Test -->
