<?xml version="1.0" encoding="UTF-8"?>
<!-- Generated by org.testng.reporters.JUnitXMLReporter -->
<testsuite ignored="0" hostname="rss-pc" failures="0" tests="4" name="Test" time="13.513" errors="0" timestamp="2023-10-18T09:11:38 IST">
  <testcase classname="api.test.UserTest" name="testPostUser" time="5.555"/>
  <testcase classname="api.test.UserTest" name="testGettUser" time="1.636"/>
  <testcase classname="api.test.UserTest" name="testUpdatetUser" time="2.039"/>
  <testcase classname="api.test.UserTest" name="testDeletetUser" time="1.636"/>
</testsuite> <!-- Test -->
