<?xml version="1.0" encoding="UTF-8"?>
<!-- Generated by org.testng.reporters.JUnitXMLReporter -->
<testsuite ignored="0" hostname="rss-pc" failures="0" tests="4" name="Test" time="12.888" errors="0" timestamp="2023-10-18T09:24:26 IST">
  <testcase classname="api.test.UserTest" name="testPostUser" time="5.592"/>
  <testcase classname="api.test.UserTest" name="testGettUser" time="1.564"/>
  <testcase classname="api.test.UserTest" name="testUpdatetUser" time="1.632"/>
  <testcase classname="api.test.UserTest" name="testDeletetUser" time="1.74"/>
</testsuite> <!-- Test -->
