<?xml version="1.0" encoding="UTF-8"?>
<testng-results ignored="0" total="4" passed="4" failed="0" skipped="0">
  <reporter-output>
  </reporter-output>
  <suite started-at="2023-10-17T23:59:20 IST" name="Surefire suite" finished-at="2023-10-17T23:59:30 IST" duration-ms="9631">
    <groups>
    </groups>
    <test started-at="2023-10-17T23:59:20 IST" name="Surefire test" finished-at="2023-10-17T23:59:30 IST" duration-ms="9631">
      <class name="api.test.UserTest">
        <test-method is-config="true" signature="setUpData()[pri:0, instance:api.test.UserTest@272ed83b]" started-at="2023-10-17T23:59:20 IST" name="setUpData" finished-at="2023-10-17T23:59:21 IST" duration-ms="688" status="PASS">
          <reporter-output>
          </reporter-output>
        </test-method> <!-- setUpData -->
        <test-method signature="testPostUser()[pri:1, instance:api.test.UserTest@272ed83b]" started-at="2023-10-17T23:59:21 IST" name="testPostUser" finished-at="2023-10-17T23:59:25 IST" duration-ms="3714" status="PASS">
          <reporter-output>
          </reporter-output>
        </test-method> <!-- testPostUser -->
        <test-method signature="testGettUser()[pri:2, instance:api.test.UserTest@272ed83b]" started-at="2023-10-17T23:59:25 IST" name="testGettUser" finished-at="2023-10-17T23:59:27 IST" duration-ms="1768" status="PASS">
          <reporter-output>
          </reporter-output>
        </test-method> <!-- testGettUser -->
        <test-method signature="testUpdatetUser()[pri:3, instance:api.test.UserTest@272ed83b]" started-at="2023-10-17T23:59:27 IST" name="testUpdatetUser" finished-at="2023-10-17T23:59:28 IST" duration-ms="1570" status="PASS">
          <reporter-output>
          </reporter-output>
        </test-method> <!-- testUpdatetUser -->
        <test-method signature="testDeletetUser()[pri:4, instance:api.test.UserTest@272ed83b]" started-at="2023-10-17T23:59:28 IST" name="testDeletetUser" finished-at="2023-10-17T23:59:30 IST" duration-ms="1842" status="PASS">
          <reporter-output>
          </reporter-output>
        </test-method> <!-- testDeletetUser -->
      </class> <!-- api.test.UserTest -->
    </test> <!-- Surefire test -->
  </suite> <!-- Surefire suite -->
</testng-results>
